<?xml version="1.0" encoding="UTF-8"?>
<!-- Generated by org.testng.reporters.JUnitXMLReporter -->
<testsuite ignored="0" hostname="LAPTOP-O9GK6969" failures="0" tests="2" name="Surefire test" time="3.74" errors="0" timestamp="2026-07-19T19:30:23 IST">
  <testcase classname="com.enterprise.tests.db.CustomerDatabaseTest" name="testDatabaseCrudOperations" time="3.453"/>
  <testcase classname="com.enterprise.tests.db.CustomerDatabaseTest" name="testDatabaseSeedData" time="0.011"/>
</testsuite> <!-- Surefire test -->
