<?xml version="1.0" encoding="UTF-8"?>
<testsuite xmlns:xsi="http://www.w3.org/2001/XMLSchema-instance" xsi:noNamespaceSchemaLocation="https://maven.apache.org/surefire/maven-surefire-plugin/xsd/surefire-test-report-3.0.xsd" version="3.0" name="com.enterprise.tests.integration.E2eCustomerWorkflowTest" time="27.254" tests="1" errors="0" skipped="0" failures="0">
  <properties>
[...]
</properties>
  <testcase name="testE2eCustomerLifecycle" classname="com.enterprise.tests.integration.E2eCustomerWorkflowTest" time="10.779">
    <system-out><![CDATA[2026-07-25 09:38:56.071 [main] INFO  com.enterprise.tests.integration.E2eCustomerWorkflowTest - Starting lightweight HTTP server on port 8081 to serve local mock portal.
2026-07-25 09:38:56.221 [main] INFO  com.enterprise.tests.integration.E2eCustomerWorkflowTest - HTTP Server successfully started.
2026-07-25 09:38:56.265 [main] INFO  com.enterprise.tests.BaseTest - Setting up test driver for browser: chrome
2026-07-25 09:38:56.272 [main] INFO  com.enterprise.driver.PlaywrightFactory - Initializing Playwright driver for browser: chrome
2026-07-25 09:39:04.007 [main] INFO  com.enterprise.config.ConfigManager - System property 'env' not set. Defaulting to 'qa' environment.
2026-07-25 09:39:04.010 [main] INFO  com.enterprise.config.ConfigManager - Successfully loaded configuration properties from: config/qa.properties
2026-07-25 09:39:04.012 [main] INFO  com.enterprise.driver.PlaywrightFactory - Browser Headless Mode: true
2026-07-25 09:39:04.347 [main] INFO  com.enterprise.driver.PlaywrightFactory - Video recording enabled. Path: target/videos/
2026-07-25 09:39:04.416 [main] INFO  com.enterprise.driver.PlaywrightFactory - Playwright Tracing started.
2026-07-25 09:39:04.628 [main] INFO  com.enterprise.driver.PlaywrightFactory - Driver successfully initialized for thread: 1
2026-07-25 09:39:04.889 [main] INFO  com.enterprise.utilities.PdfUtil - Generating sample PDF report at: C:\Users\PIYUSH BHADANE\Desktop\ALL\All Projects\Enterprise Playwright Automation Framework\src\test\resources\data\sample_report.pdf
2026-07-25 09:39:05.768 [main] WARN  org.apache.pdfbox.pdmodel.PDDocument - You are overwriting the existing file sample_report.pdf, this will produce a corrupted file if you're also reading from it
2026-07-25 09:39:05.790 [main] INFO  com.enterprise.utilities.PdfUtil - Sample PDF report saved successfully.
2026-07-25 09:39:05.790 [main] INFO  com.enterprise.tests.integration.E2eCustomerWorkflowTest - Navigating to mock portal URL: http://localhost:8081/mock_portal.html
2026-07-25 09:39:05.980 [main] INFO  com.enterprise.tests.integration.E2eCustomerWorkflowTest - Logging in to mock portal.
2026-07-25 09:39:06.181 [main] INFO  com.enterprise.tests.integration.E2eCustomerWorkflowTest - Creating customer 'AgE2E_1784952544864 Customer' via portal UI.
2026-07-25 09:39:06.283 [main] INFO  com.enterprise.tests.integration.E2eCustomerWorkflowTest - Calling Customer API for registration sync.
2026-07-25 09:39:06.291 [main] INFO  com.enterprise.api.ApiClient - Initializing API Client with Base URI: https://jsonplaceholder.typicode.com
2026-07-25 09:39:08.109 [main] INFO  com.enterprise.api.ApiClient - Sending POST request to: /users
Request method:	POST
Request URI:	https://jsonplaceholder.typicode.com/users
Proxy:			<none>
Request params:	<none>
Query params:	<none>
Form params:	<none>
Path params:	<none>
Headers:		Accept=*/*
				Content-Type=application/json
Cookies:		<none>
Multiparts:		<none>
Body:
{
    "name": "AgE2E_1784952544864 Customer",
    "username": "Premium Customer"
}
2026-07-25 09:39:13.050 [main] INFO  com.enterprise.api.ApiClient - POST Response Status Code: 201
HTTP/1.1 201 Created
Date: Sat, 25 Jul 2026 04:09:11 GMT
Content-Type: application/json; charset=utf-8
Content-Length: 90
Connection: keep-alive
access-control-allow-credentials: true
access-control-expose-headers: Location
Cache-Control: no-cache
etag: W/"5a-Llm6yLha3tVPqNPBND+FUMX/Qks"
expires: -1
location: https://jsonplaceholder.typicode.com/users/11
nel: {"report_to":"heroku-nel","response_headers":["Via"],"max_age":3600,"success_fraction":0.01,"failure_fraction":0.1}
pragma: no-cache
report-to: {"group":"heroku-nel","endpoints":[{"url":"https://nel.heroku.com/reports?s=VNvlUE1DKxAbOqAerQbHeYHw2YvtCwBW%2Bk4C%2FhnlXcU%3D\u0026sid=e11707d5-02a7-43ef-b45e-2cf4d2036f7d\u0026ts=1784952551"}],"max_age":3600}
reporting-endpoints: heroku-nel="https://nel.heroku.com/reports?s=VNvlUE1DKxAbOqAerQbHeYHw2YvtCwBW%2Bk4C%2FhnlXcU%3D&sid=e11707d5-02a7-43ef-b45e-2cf4d2036f7d&ts=1784952551"
Server: cloudflare
vary: Origin, X-HTTP-Method-Override, Accept-Encoding
via: 2.0 heroku-router
x-content-type-options: nosniff
x-powered-by: Express
x-ratelimit-limit: 1000
x-ratelimit-remaining: 999
x-ratelimit-reset: 1784952558
cf-cache-status: DYNAMIC
CF-RAY: a2084ec16d821494-BOM
alt-svc: h3=":443"; ma=86400

{
    "name": "AgE2E_1784952544864 Customer",
    "username": "Premium Customer",
    "id": 11
}
2026-07-25 09:39:13.311 [main] INFO  com.enterprise.tests.integration.E2eCustomerWorkflowTest - Validating customer record in PostgreSQL database.
2026-07-25 09:39:13.311 [main] INFO  com.enterprise.database.DatabaseManager - Initializing Database Connection Pool...
2026-07-25 09:39:13.311 [main] INFO  com.enterprise.database.DatabaseManager - Checking if database 'automation_db_qa' exists on server...
2026-07-25 09:39:13.792 [main] INFO  com.enterprise.database.DatabaseManager - Database 'automation_db_qa' already exists.
2026-07-25 09:39:13.810 [main] WARN  com.enterprise.config.ConfigManager - Property key 'db.pool.max' not found in configurations.
2026-07-25 09:39:13.810 [main] WARN  com.enterprise.config.ConfigManager - Property key 'db.pool.idle' not found in configurations.
2026-07-25 09:39:13.830 [main] INFO  com.zaxxer.hikari.HikariDataSource - HikariPool-1 - Starting...
2026-07-25 09:39:13.991 [main] INFO  com.zaxxer.hikari.pool.HikariPool - HikariPool-1 - Added connection org.postgresql.jdbc.PgConnection@3af1b643
2026-07-25 09:39:14.000 [main] INFO  com.zaxxer.hikari.HikariDataSource - HikariPool-1 - Start completed.
2026-07-25 09:39:14.000 [main] INFO  com.enterprise.database.DatabaseManager - Database Connection Pool successfully initialized.
2026-07-25 09:39:14.000 [main] INFO  com.enterprise.database.DatabaseManager - Running Flyway Database Migrations...
2026-07-25 09:39:14.641 [main] INFO  org.flywaydb.core.FlywayExecutor - Database: jdbc:postgresql://localhost:5432/automation_db_qa (PostgreSQL 18.4)
2026-07-25 09:39:14.677 [main] WARN  org.flywaydb.core.internal.database.base.Database - Flyway upgrade recommended: PostgreSQL 18.4 is newer than this version of Flyway and support has not been tested. The latest supported version of PostgreSQL is 16.
2026-07-25 09:39:14.799 [main] INFO  org.flywaydb.core.internal.command.DbValidate - Successfully validated 1 migration (execution time 00:00.088s)
2026-07-25 09:39:14.825 [main] INFO  org.flywaydb.core.internal.command.DbMigrate - Current version of schema "public": 1
2026-07-25 09:39:14.850 [main] INFO  org.flywaydb.core.internal.command.DbMigrate - Schema "public" is up to date. No migration necessary.
2026-07-25 09:39:14.856 [main] INFO  com.enterprise.database.DatabaseManager - Database migrations executed successfully.
2026-07-25 09:39:14.856 [main] INFO  com.enterprise.database.DatabaseManager - Executing DB Update: INSERT INTO customers (first_name, last_name, email, phone, status) VALUES ('AgE2E_1784952544864', 'Customer', 'age2e_1784952544864@example.com', '555-0199', 'ACTIVE') ON CONFLICT (email) DO NOTHING
2026-07-25 09:39:14.863 [main] INFO  com.enterprise.database.DatabaseManager - Update successful, rows affected: 1
2026-07-25 09:39:14.863 [main] INFO  com.enterprise.database.DatabaseManager - Executing DB Query: SELECT * FROM customers WHERE first_name = 'AgE2E_1784952544864'
2026-07-25 09:39:14.867 [main] INFO  com.enterprise.database.DatabaseManager - Query returned 1 rows.
2026-07-25 09:39:14.887 [main] INFO  com.enterprise.tests.integration.E2eCustomerWorkflowTest - Downloading customer profile PDF report.
2026-07-25 09:39:15.299 [main] INFO  com.enterprise.tests.integration.E2eCustomerWorkflowTest - Parsing downloaded PDF and verifying contents.
2026-07-25 09:39:15.299 [main] INFO  com.enterprise.utilities.PdfUtil - Extracting text from PDF file: C:\Users\PIYUSH BHADANE\Desktop\ALL\All Projects\Enterprise Playwright Automation Framework\target\downloaded_report.pdf
2026-07-25 09:39:15.472 [main] INFO  com.enterprise.utilities.PdfUtil - Successfully extracted 128 characters from PDF.
2026-07-25 09:39:15.481 [main] INFO  com.enterprise.tests.integration.E2eCustomerWorkflowTest - Logging out from portal UI.
]]></system-out>
  </testcase>
</testsuite>