<?xml version="1.0" encoding="UTF-8"?>
<testng-results ignored="0" total="1" passed="1" failed="0" skipped="0">
  <reporter-output>
  </reporter-output>
  <suite started-at="2026-07-25T09:38:55 IST" name="Surefire suite" finished-at="2026-07-25T09:39:16 IST" duration-ms="21053">
    <groups>
    </groups>
    <test started-at="2026-07-25T09:38:55 IST" name="Surefire test" finished-at="2026-07-25T09:39:16 IST" duration-ms="21053">
      <class name="com.enterprise.tests.integration.E2eCustomerWorkflowTest">
        <test-method is-config="true" signature="startLocalServer()[pri:0, instance:com.enterprise.tests.integration.E2eCustomerWorkflowTest@5809fa26]" started-at="2026-07-25T09:38:55 IST" name="startLocalServer" finished-at="2026-07-25T09:38:56 IST" duration-ms="228" status="PASS">
          <reporter-output>
          </reporter-output>
        </test-method> <!-- startLocalServer -->
        <test-method is-config="true" signature="setUp(java.lang.String)[pri:0, instance:com.enterprise.tests.integration.E2eCustomerWorkflowTest@5809fa26]" started-at="2026-07-25T09:38:56 IST" name="setUp" finished-at="2026-07-25T09:39:04 IST" duration-ms="8377" status="PASS">
          <params>
            <param index="0">
              <value>
                <![CDATA[chrome]]>
              </value>
            </param>
          </params>
          <reporter-output>
          </reporter-output>
        </test-method> <!-- setUp -->
        <test-method signature="testE2eCustomerLifecycle()[pri:0, instance:com.enterprise.tests.integration.E2eCustomerWorkflowTest@5809fa26]" started-at="2026-07-25T09:39:04 IST" name="testE2eCustomerLifecycle" description="Execute full E2E customer lifecycle test" finished-at="2026-07-25T09:39:15 IST" duration-ms="10759" status="PASS">
          <reporter-output>
          </reporter-output>
        </test-method> <!-- testE2eCustomerLifecycle -->
        <test-method is-config="true" signature="tearDown()[pri:0, instance:com.enterprise.tests.integration.E2eCustomerWorkflowTest@5809fa26]" started-at="2026-07-25T09:39:15 IST" name="tearDown" finished-at="2026-07-25T09:39:16 IST" duration-ms="1391" status="PASS">
          <reporter-output>
          </reporter-output>
        </test-method> <!-- tearDown -->
        <test-method is-config="true" signature="stopLocalServer()[pri:0, instance:com.enterprise.tests.integration.E2eCustomerWorkflowTest@5809fa26]" started-at="2026-07-25T09:39:16 IST" name="stopLocalServer" finished-at="2026-07-25T09:39:16 IST" duration-ms="1" status="PASS">
          <reporter-output>
          </reporter-output>
        </test-method> <!-- stopLocalServer -->
        <test-method is-config="true" signature="tearDownSuite()[pri:0, instance:com.enterprise.tests.integration.E2eCustomerWorkflowTest@5809fa26]" started-at="2026-07-25T09:39:17 IST" name="tearDownSuite" finished-at="2026-07-25T09:39:17 IST" duration-ms="13" status="PASS">
          <reporter-output>
          </reporter-output>
        </test-method> <!-- tearDownSuite -->
      </class> <!-- com.enterprise.tests.integration.E2eCustomerWorkflowTest -->
    </test> <!-- Surefire test -->
  </suite> <!-- Surefire suite -->
</testng-results>
