<?xml version="1.0" encoding="UTF-8"?>
<testsuite xmlns:xsi="http://www.w3.org/2001/XMLSchema-instance" xsi:noNamespaceSchemaLocation="https://maven.apache.org/surefire/maven-surefire-plugin/xsd/surefire-test-report-3.0.xsd" version="3.0" name="com.enterprise.tests.api.CustomerApiTest" time="14.822" tests="4" errors="0" skipped="0" failures="0">
  <properties>
[...]
</properties>
  <testcase name="testCreateCustomer" classname="com.enterprise.tests.api.CustomerApiTest" time="9.273">
    <system-out><![CDATA[2026-07-19 19:47:40.945 [main] INFO  com.enterprise.config.ConfigManager - System property 'env' not set. Defaulting to 'qa' environment.
2026-07-19 19:47:40.979 [main] INFO  com.enterprise.config.ConfigManager - Successfully loaded configuration properties from: config/qa.properties
2026-07-19 19:47:40.980 [main] INFO  com.enterprise.api.ApiClient - Initializing API Client with Base URI: https://jsonplaceholder.typicode.com
2026-07-19 19:47:42.330 [main] INFO  com.enterprise.api.ApiClient - Sending POST request to: /users
Request method:	POST
Request URI:	https://jsonplaceholder.typicode.com/users
Proxy:			<none>
Request params:	<none>
Query params:	<none>
Form params:	<none>
Path params:	<none>
Headers:		Accept=*/*
				Content-Type=application/json
Cookies:		<none>
Multiparts:		<none>
Body:
{
    "name": "Antigravity",
    "username": "AI Agent"
}
2026-07-19 19:47:47.482 [main] INFO  com.enterprise.api.ApiClient - POST Response Status Code: 201
HTTP/1.1 201 Created
Date: Sun, 19 Jul 2026 14:17:43 GMT
Content-Type: application/json; charset=utf-8
Content-Length: 65
Connection: keep-alive
access-control-allow-credentials: true
access-control-expose-headers: Location
Cache-Control: no-cache
etag: W/"41-IOtI0mJgLJsG6E8Z6HHxx5Bb/TQ"
expires: -1
location: https://jsonplaceholder.typicode.com/users/11
nel: {"report_to":"heroku-nel","response_headers":["Via"],"max_age":3600,"success_fraction":0.01,"failure_fraction":0.1}
pragma: no-cache
report-to: {"group":"heroku-nel","endpoints":[{"url":"https://nel.heroku.com/reports?s=dJr9W%2FazdSoiMLZZkZichsQBU5aMLOtCeaW0hcmym%2FE%3D\u0026sid=e11707d5-02a7-43ef-b45e-2cf4d2036f7d\u0026ts=1784470663"}],"max_age":3600}
reporting-endpoints: heroku-nel="https://nel.heroku.com/reports?s=dJr9W%2FazdSoiMLZZkZichsQBU5aMLOtCeaW0hcmym%2FE%3D&sid=e11707d5-02a7-43ef-b45e-2cf4d2036f7d&ts=1784470663"
Server: cloudflare
vary: Origin, X-HTTP-Method-Override, Accept-Encoding
via: 2.0 heroku-router
x-content-type-options: nosniff
x-powered-by: Express
x-ratelimit-limit: 1000
x-ratelimit-remaining: 999
x-ratelimit-reset: 1784470680
cf-cache-status: DYNAMIC
CF-RAY: a1da59eabd5b2c60-BOM
alt-svc: h3=":443"; ma=86400

{
    "name": "Antigravity",
    "username": "AI Agent",
    "id": 11
}
]]></system-out>
  </testcase>
  <testcase name="testDeleteCustomer" classname="com.enterprise.tests.api.CustomerApiTest" time="0.357">
    <system-out><![CDATA[2026-07-19 19:47:50.141 [main] INFO  com.enterprise.api.ApiClient - Sending DELETE request to: /users/2
Request method:	DELETE
Request URI:	https://jsonplaceholder.typicode.com/users/2
Proxy:			<none>
Request params:	<none>
Query params:	<none>
Form params:	<none>
Path params:	<none>
Headers:		Accept=*/*
				Content-Type=application/json
Cookies:		<none>
Multiparts:		<none>
Body:			<none>
2026-07-19 19:47:50.479 [main] INFO  com.enterprise.api.ApiClient - DELETE Response Status Code: 200
HTTP/1.1 200 OK
Date: Sun, 19 Jul 2026 14:17:46 GMT
Content-Type: application/json; charset=utf-8
Content-Length: 2
Connection: keep-alive
access-control-allow-credentials: true
Cache-Control: no-cache
etag: W/"2-vyGp6PvFo4RvsFtPoIWeCReyIC8"
expires: -1
nel: {"report_to":"heroku-nel","response_headers":["Via"],"max_age":3600,"success_fraction":0.01,"failure_fraction":0.1}
pragma: no-cache
report-to: {"group":"heroku-nel","endpoints":[{"url":"https://nel.heroku.com/reports?s=tReUJ1VGX4%2BXlvRPcG%2F%2Ftr6YDi7%2Bmen4%2BEBy6ASWUIs%3D\u0026sid=e11707d5-02a7-43ef-b45e-2cf4d2036f7d\u0026ts=1784470666"}],"max_age":3600}
reporting-endpoints: heroku-nel="https://nel.heroku.com/reports?s=tReUJ1VGX4%2BXlvRPcG%2F%2Ftr6YDi7%2Bmen4%2BEBy6ASWUIs%3D&sid=e11707d5-02a7-43ef-b45e-2cf4d2036f7d&ts=1784470666"
Server: cloudflare
vary: Origin, Accept-Encoding
via: 2.0 heroku-router
x-content-type-options: nosniff
x-powered-by: Express
x-ratelimit-limit: 1000
x-ratelimit-remaining: 998
x-ratelimit-reset: 1784470680
cf-cache-status: DYNAMIC
CF-RAY: a1da5a015e5525c9-BOM
alt-svc: h3=":443"; ma=86400

{
    
}
]]></system-out>
  </testcase>
  <testcase name="testGetCustomer" classname="com.enterprise.tests.api.CustomerApiTest" time="0.251">
    <system-out><![CDATA[2026-07-19 19:47:50.532 [main] INFO  com.enterprise.api.ApiClient - Sending GET request to: /users/2
Request method:	GET
Request URI:	https://jsonplaceholder.typicode.com/users/2
Proxy:			<none>
Request params:	<none>
Query params:	<none>
Form params:	<none>
Path params:	<none>
Headers:		Accept=*/*
				Content-Type=application/json
Cookies:		<none>
Multiparts:		<none>
Body:			<none>
2026-07-19 19:47:50.680 [main] INFO  com.enterprise.api.ApiClient - GET Response Status Code: 200
HTTP/1.1 200 OK
Date: Sun, 19 Jul 2026 14:17:46 GMT
Content-Type: application/json; charset=utf-8
Transfer-Encoding: chunked
Connection: keep-alive
access-control-allow-credentials: true
Cache-Control: max-age=43200
etag: W/"1fd-XTG63SYhaP/Uo6/vgmARnL3rpBk"
expires: -1
nel: {"report_to":"heroku-nel","response_headers":["Via"],"max_age":3600,"success_fraction":0.01,"failure_fraction":0.1}
pragma: no-cache
report-to: {"group":"heroku-nel","endpoints":[{"url":"https://nel.heroku.com/reports?s=vSeNDPAl7Kj%2FLVmUv%2B313qmZ%2FiRhKp6ZiLRlfwndfy8%3D\u0026sid=e11707d5-02a7-43ef-b45e-2cf4d2036f7d\u0026ts=1784452328"}],"max_age":3600}
reporting-endpoints: heroku-nel="https://nel.heroku.com/reports?s=vSeNDPAl7Kj%2FLVmUv%2B313qmZ%2FiRhKp6ZiLRlfwndfy8%3D&sid=e11707d5-02a7-43ef-b45e-2cf4d2036f7d&ts=1784452328"
Server: cloudflare
vary: Origin, Accept-Encoding
via: 2.0 heroku-router
x-content-type-options: nosniff
x-powered-by: Express
x-ratelimit-limit: 1000
x-ratelimit-remaining: 924
x-ratelimit-reset: 1784452380
Age: 18338
cf-cache-status: HIT
Content-Encoding: gzip
CF-RAY: a1da5a03c94b47e2-BOM
alt-svc: h3=":443"; ma=86400

{
    "id": 2,
    "name": "Ervin Howell",
    "username": "Antonette",
    "email": "Shanna@melissa.tv",
    "address": {
        "street": "Victor Plains",
        "suite": "Suite 879",
        "city": "Wisokyburgh",
        "zipcode": "90566-7771",
        "geo": {
            "lat": "-43.9509",
            "lng": "-34.4618"
        }
    },
    "phone": "010-692-6593 x09125",
    "website": "anastasia.net",
    "company": {
        "name": "Deckow-Crist",
        "catchPhrase": "Proactive didactic contingency",
        "bs": "synergize scalable supply-chains"
    }
}
]]></system-out>
  </testcase>
  <testcase name="testUpdateCustomer" classname="com.enterprise.tests.api.CustomerApiTest" time="0.884">
    <system-out><![CDATA[2026-07-19 19:47:50.746 [main] INFO  com.enterprise.api.ApiClient - Sending PUT request to: /users/2
Request method:	PUT
Request URI:	https://jsonplaceholder.typicode.com/users/2
Proxy:			<none>
Request params:	<none>
Query params:	<none>
Form params:	<none>
Path params:	<none>
Headers:		Accept=*/*
				Content-Type=application/json
Cookies:		<none>
Multiparts:		<none>
Body:
{
    "name": "Antigravity Modified",
    "username": "Lead AI Agent"
}
2026-07-19 19:47:51.582 [main] INFO  com.enterprise.api.ApiClient - PUT Response Status Code: 200
HTTP/1.1 200 OK
Date: Sun, 19 Jul 2026 14:17:47 GMT
Content-Type: application/json; charset=utf-8
Transfer-Encoding: chunked
Connection: keep-alive
access-control-allow-credentials: true
Cache-Control: no-cache
etag: W/"4e-V0+g7vovVHmxVH2o7F2i0XyFtJ4"
expires: -1
nel: {"report_to":"heroku-nel","response_headers":["Via"],"max_age":3600,"success_fraction":0.01,"failure_fraction":0.1}
pragma: no-cache
report-to: {"group":"heroku-nel","endpoints":[{"url":"https://nel.heroku.com/reports?s=bkDvlu6gIZhxtOX5oPCvrj3DigFQ6sEmo0NOoDEsA%2Fc%3D\u0026sid=e11707d5-02a7-43ef-b45e-2cf4d2036f7d\u0026ts=1784470667"}],"max_age":3600}
reporting-endpoints: heroku-nel="https://nel.heroku.com/reports?s=bkDvlu6gIZhxtOX5oPCvrj3DigFQ6sEmo0NOoDEsA%2Fc%3D&sid=e11707d5-02a7-43ef-b45e-2cf4d2036f7d&ts=1784470667"
Server: cloudflare
vary: Origin, Accept-Encoding
via: 2.0 heroku-router
x-content-type-options: nosniff
x-powered-by: Express
x-ratelimit-limit: 1000
x-ratelimit-remaining: 997
x-ratelimit-reset: 1784470680
cf-cache-status: DYNAMIC
Content-Encoding: gzip
CF-RAY: a1da5a05197f3b5b-BOM
alt-svc: h3=":443"; ma=86400

{
    "name": "Antigravity Modified",
    "username": "Lead AI Agent",
    "id": 2
}
]]></system-out>
  </testcase>
</testsuite>