<?xml version="1.0" encoding="UTF-8"?>
<!-- Generated by org.testng.reporters.JUnitXMLReporter -->
<testsuite ignored="0" hostname="LAPTOP-O9GK6969" failures="0" tests="4" name="API Tests" time="11.646" errors="0" timestamp="2026-07-25T09:20:40 IST">
  <testcase classname="com.enterprise.tests.api.CustomerApiTest" name="testCreateCustomer" time="7.925"/>
  <testcase classname="com.enterprise.tests.api.CustomerApiTest" name="testDeleteCustomer" time="1.245"/>
  <testcase classname="com.enterprise.tests.api.CustomerApiTest" name="testGetCustomer" time="1.108"/>
  <testcase classname="com.enterprise.tests.api.CustomerApiTest" name="testUpdateCustomer" time="1.021"/>
</testsuite> <!-- API Tests -->
