<?xml version="1.0" encoding="UTF-8"?>
<!-- Generated by org.testng.reporters.JUnitXMLReporter -->
<testsuite ignored="0" hostname="LAPTOP-O9GK6969" failures="0" tests="2" name="Database Tests" time="1.412" errors="0" timestamp="2026-07-25T09:20:42 IST">
  <testcase classname="com.enterprise.tests.db.CustomerDatabaseTest" name="testDatabaseCrudOperations" time="1.399"/>
  <testcase classname="com.enterprise.tests.db.CustomerDatabaseTest" name="testDatabaseSeedData" time="0.004"/>
</testsuite> <!-- Database Tests -->
