<?xml version="1.0" encoding="UTF-8"?>
<!-- Generated by org.testng.reporters.JUnitXMLReporter -->
<testsuite ignored="1" hostname="LAPTOP-O9GK6969" failures="1" tests="5" name="UI Tests" time="100.38" errors="0" timestamp="2026-07-25T09:22:09 IST">
  <testcase classname="com.enterprise.tests.ui.OrangeHrmTest" name="testOrangeHrmEmployeeCreation" time="15.712">
    <skipped/>
  </testcase> <!-- testOrangeHrmEmployeeCreation -->
  <testcase classname="com.enterprise.tests.ui.OrangeHrmTest" name="testOrangeHrmEmployeeCreation" time="19.127">
    <skipped/>
  </testcase> <!-- testOrangeHrmEmployeeCreation -->
  <testcase classname="com.enterprise.tests.ui.OrangeHrmTest" name="testOrangeHrmEmployeeCreation" time="21.681">
    <skipped/>
  </testcase> <!-- testOrangeHrmEmployeeCreation -->
  <testcase classname="com.enterprise.tests.ui.OrangeHrmTest" name="testOrangeHrmEmployeeCreation" time="16.128">
    <failure type="java.lang.AssertionError" message="OrangeHRM Dashboard failed to display. expected [true] but found [false]">
      <![CDATA[java.lang.AssertionError: OrangeHRM Dashboard failed to display. expected [true] but found [false]
at com.enterprise.tests.ui.OrangeHrmTest.testOrangeHrmEmployeeCreation(OrangeHrmTest.java:36)
at java.base/java.util.ArrayList.forEach(ArrayList.java:1597)
at java.base/java.util.concurrent.FutureTask.run(FutureTask.java:317)
at java.base/java.util.concurrent.ThreadPoolExecutor.runWorker(ThreadPoolExecutor.java:1144)
at java.base/java.util.concurrent.ThreadPoolExecutor$Worker.run(ThreadPoolExecutor.java:642)
at java.base/java.lang.Thread.run(Thread.java:1570)
... Removed 18 stack frames]]>
    </failure>
  </testcase> <!-- testOrangeHrmEmployeeCreation -->
  <testcase classname="com.enterprise.tests.ui.SauceDemoTest" name="testSauceDemoLoginLogout" time="3.411"/>
  <testcase classname="com.enterprise.tests.BaseTest" name="@AfterSuite tearDownSuite" time="0.0">
    <ignored/>
  </testcase> <!-- @AfterSuite tearDownSuite -->
</testsuite> <!-- UI Tests -->
