<?xml version="1.0" encoding="UTF-8"?>
<!-- Generated by org.testng.reporters.JUnitReportReporter -->
<testsuite hostname="LAPTOP-O9GK6969" failures="0" tests="4" name="com.enterprise.tests.api.CustomerApiTest" time="10.553" errors="0" timestamp="2026-07-19T19:47:51 IST" skipped="0">
  <testcase classname="com.enterprise.tests.api.CustomerApiTest" name="testUpdateCustomer" time="0.879"/>
  <testcase classname="com.enterprise.tests.api.CustomerApiTest" name="testDeleteCustomer" time="0.351"/>
  <testcase classname="com.enterprise.tests.api.CustomerApiTest" name="testCreateCustomer" time="9.075"/>
  <testcase classname="com.enterprise.tests.api.CustomerApiTest" name="testGetCustomer" time="0.248"/>
</testsuite> <!-- com.enterprise.tests.api.CustomerApiTest -->
