<?xml version="1.0" encoding="UTF-8"?>
<!-- Generated by org.testng.reporters.JUnitReportReporter -->
<testsuite hostname="LAPTOP-O9GK6969" failures="0" tests="2" name="com.enterprise.tests.db.CustomerDatabaseTest" time="3.464" errors="0" timestamp="2026-07-19T19:30:23 IST" skipped="0">
  <testcase classname="com.enterprise.tests.db.CustomerDatabaseTest" name="testDatabaseSeedData" time="0.011"/>
  <testcase classname="com.enterprise.tests.db.CustomerDatabaseTest" name="testDatabaseCrudOperations" time="3.453"/>
</testsuite> <!-- com.enterprise.tests.db.CustomerDatabaseTest -->
