<?xml version="1.0" encoding="UTF-8"?>
<!-- Generated by org.testng.reporters.JUnitReportReporter -->
<testsuite hostname="LAPTOP-O9GK6969" failures="0" tests="1" name="com.enterprise.tests.integration.E2eCustomerWorkflowTest" time="20.527" errors="0" timestamp="2026-07-25T09:39:17 IST" skipped="0">
  <testcase classname="com.enterprise.tests.integration.E2eCustomerWorkflowTest" name="testE2eCustomerLifecycle" time="20.527"/>
</testsuite> <!-- com.enterprise.tests.integration.E2eCustomerWorkflowTest -->
